# JRE version: Java(TM) SE Runtime Environment (8.0-b132) (build 1.8.0-b132)
# Java VM: Java HotSpot(TM) 64-Bit Server VM (25.0-b70 mixed mode windows-amd64 compressed oops)
Heap:
 PSYoungGen      total 89088K, used 17668K [0x00000000eab00000, 0x00000000f2f00000, 0x0000000100000000)
  eden space 72192K, 24% used [0x00000000eab00000,0x00000000ebc411c8,0x00000000ef180000)
  from space 16896K, 0% used [0x00000000f1e80000,0x00000000f1e80000,0x00000000f2f00000)
  to   space 11776K, 0% used [0x00000000ef180000,0x00000000ef180000,0x00000000efd00000)
 ParOldGen       total 75264K, used 62550K [0x00000000c0000000, 0x00000000c4980000, 0x00000000eab00000)
  object space 75264K, 83% used [0x00000000c0000000,0x00000000c3d15900,0x00000000c4980000)
 Metaspace       used 6031K, capacity 7026K, committed 7296K, reserved 1056768K
  class space    used 605K, capacity 618K, committed 640K, reserved 1048576K
GC Heap History (10 events):
Event: 17.061 GC heap before
{Heap before GC invocations=17 (full 0):
 PSYoungGen      total 58368K, used 57616K [0x00000000eab00000, 0x00000000eeb80000, 0x0000000100000000)
  eden space 52224K, 100% used [0x00000000eab00000,0x00000000ede00000,0x00000000ede00000)
  from space 6144K, 87% used [0x00000000ee480000,0x00000000ee9c4388,0x00000000eea80000)
  to   space 6656K, 0% used [0x00000000ede00000,0x00000000ede00000,0x00000000ee480000)
 ParOldGen       total 64000K, used 20161K [0x00000000c0000000, 0x00000000c3e80000, 0x00000000eab00000)
  object space 64000K, 31% used [0x00000000c0000000,0x00000000c13b0568,0x00000000c3e80000)
 Metaspace       used 6003K, capacity 7026K, committed 7296K, reserved 1056768K
  class space    used 605K, capacity 618K, committed 640K, reserved 1048576K
Event: 17.082 GC heap after
Heap after GC invocations=17 (full 0):
 PSYoungGen      total 58880K, used 6655K [0x00000000eab00000, 0x00000000f0780000, 0x0000000100000000)
  eden space 52224K, 0% used [0x00000000eab00000,0x00000000eab00000,0x00000000ede00000)
  from space 6656K, 99% used [0x00000000ede00000,0x00000000ee47fd08,0x00000000ee480000)
  to   space 10752K, 0% used [0x00000000efd00000,0x00000000efd00000,0x00000000f0780000)
 ParOldGen       total 64000K, used 28099K [0x00000000c0000000, 0x00000000c3e80000, 0x00000000eab00000)
  object space 64000K, 43% used [0x00000000c0000000,0x00000000c1b70d28,0x00000000c3e80000)
 Metaspace       used 6003K, capacity 7026K, committed 7296K, reserved 1056768K
  class space    used 605K, capacity 618K, committed 640K, reserved 1048576K
}
Event: 19.689 GC heap before
{Heap before GC invocations=18 (full 0):
 PSYoungGen      total 58880K, used 58879K [0x00000000eab00000, 0x00000000f0780000, 0x0000000100000000)
  eden space 52224K, 100% used [0x00000000eab00000,0x00000000ede00000,0x00000000ede00000)
  from space 6656K, 99% used [0x00000000ede00000,0x00000000ee47fd08,0x00000000ee480000)
  to   space 10752K, 0% used [0x00000000efd00000,0x00000000efd00000,0x00000000f0780000)
 ParOldGen       total 64000K, used 28099K [0x00000000c0000000, 0x00000000c3e80000, 0x00000000eab00000)
  object space 64000K, 43% used [0x00000000c0000000,0x00000000c1b70d28,0x00000000c3e80000)
 Metaspace       used 6016K, capacity 7026K, committed 7296K, reserved 1056768K
  class space    used 605K, capacity 618K, committed 640K, reserved 1048576K
Event: 19.758 GC heap after
Heap after GC invocations=18 (full 0):
 PSYoungGen      total 82944K, used 8288K [0x00000000eab00000, 0x00000000f0980000, 0x0000000100000000)
  eden space 72192K, 0% used [0x00000000eab00000,0x00000000eab00000,0x00000000ef180000)
  from space 10752K, 77% used [0x00000000efd00000,0x00000000f0518000,0x00000000f0780000)
  to   space 11776K, 0% used [0x00000000ef180000,0x00000000ef180000,0x00000000efd00000)
 ParOldGen       total 64000K, used 34475K [0x00000000c0000000, 0x00000000c3e80000, 0x00000000eab00000)
  object space 64000K, 53% used [0x00000000c0000000,0x00000000c21aac20,0x00000000c3e80000)
 Metaspace       used 6016K, capacity 7026K, committed 7296K, reserved 1056768K
  class space    used 605K, capacity 618K, committed 640K, reserved 1048576K
}
Event: 22.023 GC heap before
{Heap before GC invocations=19 (full 0):
 PSYoungGen      total 82944K, used 80480K [0x00000000eab00000, 0x00000000f0980000, 0x0000000100000000)
  eden space 72192K, 100% used [0x00000000eab00000,0x00000000ef180000,0x00000000ef180000)
  from space 10752K, 77% used [0x00000000efd00000,0x00000000f0518000,0x00000000f0780000)
  to   space 11776K, 0% used [0x00000000ef180000,0x00000000ef180000,0x00000000efd00000)
 ParOldGen       total 64000K, used 34475K [0x00000000c0000000, 0x00000000c3e80000, 0x00000000eab00000)
  object space 64000K, 53% used [0x00000000c0000000,0x00000000c21aac20,0x00000000c3e80000)
 Metaspace       used 6024K, capacity 7026K, committed 7296K, reserved 1056768K
  class space    used 605K, capacity 618K, committed 640K, reserved 1048576K
Event: 22.049 GC heap after
Heap after GC invocations=19 (full 0):
 PSYoungGen      total 83968K, used 11751K [0x00000000eab00000, 0x00000000f2f00000, 0x0000000100000000)
  eden space 72192K, 0% used [0x00000000eab00000,0x00000000eab00000,0x00000000ef180000)
  from space 11776K, 99% used [0x00000000ef180000,0x00000000efcf9e70,0x00000000efd00000)
  to   space 16896K, 0% used [0x00000000f1e80000,0x00000000f1e80000,0x00000000f2f00000)
 ParOldGen       total 64000K, used 42608K [0x00000000c0000000, 0x00000000c3e80000, 0x00000000eab00000)
  object space 64000K, 66% used [0x00000000c0000000,0x00000000c299c010,0x00000000c3e80000)
 Metaspace       used 6024K, capacity 7026K, committed 7296K, reserved 1056768K
  class space    used 605K, capacity 618K, committed 640K, reserved 1048576K
}
Event: 22.356 GC heap before
{Heap before GC invocations=20 (full 0):
 PSYoungGen      total 83968K, used 83943K [0x00000000eab00000, 0x00000000f2f00000, 0x0000000100000000)
  eden space 72192K, 100% used [0x00000000eab00000,0x00000000ef180000,0x00000000ef180000)
  from space 11776K, 99% used [0x00000000ef180000,0x00000000efcf9e70,0x00000000efd00000)
  to   space 16896K, 0% used [0x00000000f1e80000,0x00000000f1e80000,0x00000000f2f00000)
 ParOldGen       total 64000K, used 42608K [0x00000000c0000000, 0x00000000c3e80000, 0x00000000eab00000)
  object space 64000K, 66% used [0x00000000c0000000,0x00000000c299c010,0x00000000c3e80000)
 Metaspace       used 6031K, capacity 7026K, committed 7296K, reserved 1056768K
  class space    used 605K, capacity 618K, committed 640K, reserved 1048576K
Event: 22.432 GC heap after
Heap after GC invocations=20 (full 0):
 PSYoungGen      total 89088K, used 11431K [0x00000000eab00000, 0x00000000f2f00000, 0x0000000100000000)
  eden space 72192K, 0% used [0x00000000eab00000,0x00000000eab00000,0x00000000ef180000)
  from space 16896K, 67% used [0x00000000f1e80000,0x00000000f29a9fe8,0x00000000f2f00000)
  to   space 11776K, 0% used [0x00000000ef180000,0x00000000ef180000,0x00000000efd00000)
 ParOldGen       total 64000K, used 53843K [0x00000000c0000000, 0x00000000c3e80000, 0x00000000eab00000)
  object space 64000K, 84% used [0x00000000c0000000,0x00000000c3494c68,0x00000000c3e80000)
 Metaspace       used 6031K, capacity 7026K, committed 7296K, reserved 1056768K
  class space    used 605K, capacity 618K, committed 640K, reserved 1048576K
}
Event: 22.432 GC heap before
{Heap before GC invocations=21 (full 1):
 PSYoungGen      total 89088K, used 11431K [0x00000000eab00000, 0x00000000f2f00000, 0x0000000100000000)
  eden space 72192K, 0% used [0x00000000eab00000,0x00000000eab00000,0x00000000ef180000)
  from space 16896K, 67% used [0x00000000f1e80000,0x00000000f29a9fe8,0x00000000f2f00000)
  to   space 11776K, 0% used [0x00000000ef180000,0x00000000ef180000,0x00000000efd00000)
 ParOldGen       total 64000K, used 53843K [0x00000000c0000000, 0x00000000c3e80000, 0x00000000eab00000)
  object space 64000K, 84% used [0x00000000c0000000,0x00000000c3494c68,0x00000000c3e80000)
 Metaspace       used 6031K, capacity 7026K, committed 7296K, reserved 1056768K
  class space    used 605K, capacity 618K, committed 640K, reserved 1048576K
Event: 23.608 GC heap after
Heap after GC invocations=21 (full 1):
 PSYoungGen      total 89088K, used 0K [0x00000000eab00000, 0x00000000f2f00000, 0x0000000100000000)
  eden space 72192K, 0% used [0x00000000eab00000,0x00000000eab00000,0x00000000ef180000)
  from space 16896K, 0% used [0x00000000f1e80000,0x00000000f1e80000,0x00000000f2f00000)
  to   space 11776K, 0% used [0x00000000ef180000,0x00000000ef180000,0x00000000efd00000)
 ParOldGen       total 75264K, used 62550K [0x00000000c0000000, 0x00000000c4980000, 0x00000000eab00000)
  object space 75264K, 83% used [0x00000000c0000000,0x00000000c3d15900,0x00000000c4980000)
 Metaspace       used 6031K, capacity 7026K, committed 7296K, reserved 1056768K
  class space    used 605K, capacity 618K, committed 640K, reserved 1048576K
}

