# JRE version: Java(TM) SE Runtime Environment (8.0-b132) (build 1.8.0-b132)
# Java VM: Java HotSpot(TM) 64-Bit Server VM (25.0-b70 mixed mode windows-amd64 compressed oops)
Heap:
 PSYoungGen      total 94208K, used 24537K [0x00000000eab00000, 0x00000000f2600000, 0x0000000100000000)
  eden space 67584K, 36% used [0x00000000eab00000,0x00000000ec2f64e0,0x00000000eed00000)
  from space 26624K, 0% used [0x00000000f0c00000,0x00000000f0c00000,0x00000000f2600000)
  to   space 29184K, 0% used [0x00000000eed00000,0x00000000eed00000,0x00000000f0980000)
 ParOldGen       total 68608K, used 37711K [0x00000000c0000000, 0x00000000c4300000, 0x00000000eab00000)
  object space 68608K, 54% used [0x00000000c0000000,0x00000000c24d3d60,0x00000000c4300000)
 Metaspace       used 5749K, capacity 6896K, committed 7040K, reserved 1056768K
  class space    used 579K, capacity 616K, committed 640K, reserved 1048576K
GC Heap History (10 events):
Event: 17.634 GC heap before
{Heap before GC invocations=26 (full 5):
 PSYoungGen      total 77312K, used 20979K [0x00000000eab00000, 0x00000000f2a00000, 0x0000000100000000)
  eden space 56320K, 0% used [0x00000000eab00000,0x00000000eab00000,0x00000000ee200000)
  from space 20992K, 99% used [0x00000000ee200000,0x00000000ef67cdf0,0x00000000ef680000)
  to   space 30720K, 0% used [0x00000000f0c00000,0x00000000f0c00000,0x00000000f2a00000)
 ParOldGen       total 41984K, used 41348K [0x00000000c0000000, 0x00000000c2900000, 0x00000000eab00000)
  object space 41984K, 98% used [0x00000000c0000000,0x00000000c28611f0,0x00000000c2900000)
 Metaspace       used 5677K, capacity 6832K, committed 7040K, reserved 1056768K
  class space    used 579K, capacity 616K, committed 640K, reserved 1048576K
Event: 18.325 GC heap after
Heap after GC invocations=26 (full 5):
 PSYoungGen      total 77312K, used 18319K [0x00000000eab00000, 0x00000000f2a00000, 0x0000000100000000)
  eden space 56320K, 0% used [0x00000000eab00000,0x00000000eab00000,0x00000000ee200000)
  from space 20992K, 87% used [0x00000000ee200000,0x00000000ef3e3eb8,0x00000000ef680000)
  to   space 30720K, 0% used [0x00000000f0c00000,0x00000000f0c00000,0x00000000f2a00000)
 ParOldGen       total 64000K, used 41533K [0x00000000c0000000, 0x00000000c3e80000, 0x00000000eab00000)
  object space 64000K, 64% used [0x00000000c0000000,0x00000000c288f520,0x00000000c3e80000)
 Metaspace       used 5677K, capacity 6832K, committed 7040K, reserved 1056768K
  class space    used 579K, capacity 616K, committed 640K, reserved 1048576K
}
Event: 18.561 GC heap before
{Heap before GC invocations=27 (full 5):
 PSYoungGen      total 77312K, used 74639K [0x00000000eab00000, 0x00000000f2a00000, 0x0000000100000000)
  eden space 56320K, 100% used [0x00000000eab00000,0x00000000ee200000,0x00000000ee200000)
  from space 20992K, 87% used [0x00000000ee200000,0x00000000ef3e3eb8,0x00000000ef680000)
  to   space 30720K, 0% used [0x00000000f0c00000,0x00000000f0c00000,0x00000000f2a00000)
 ParOldGen       total 64000K, used 41533K [0x00000000c0000000, 0x00000000c3e80000, 0x00000000eab00000)
  object space 64000K, 64% used [0x00000000c0000000,0x00000000c288f520,0x00000000c3e80000)
 Metaspace       used 5679K, capacity 6832K, committed 7040K, reserved 1056768K
  class space    used 579K, capacity 616K, committed 640K, reserved 1048576K
Event: 18.908 GC heap after
Heap after GC invocations=27 (full 5):
 PSYoungGen      total 94208K, used 9166K [0x00000000eab00000, 0x00000000f2600000, 0x0000000100000000)
  eden space 67584K, 0% used [0x00000000eab00000,0x00000000eab00000,0x00000000eed00000)
  from space 26624K, 34% used [0x00000000f0c00000,0x00000000f14f38a0,0x00000000f2600000)
  to   space 29184K, 0% used [0x00000000eed00000,0x00000000eed00000,0x00000000f0980000)
 ParOldGen       total 64000K, used 60612K [0x00000000c0000000, 0x00000000c3e80000, 0x00000000eab00000)
  object space 64000K, 94% used [0x00000000c0000000,0x00000000c3b312f8,0x00000000c3e80000)
 Metaspace       used 5679K, capacity 6832K, committed 7040K, reserved 1056768K
  class space    used 579K, capacity 616K, committed 640K, reserved 1048576K
}
Event: 18.908 GC heap before
{Heap before GC invocations=28 (full 6):
 PSYoungGen      total 94208K, used 9166K [0x00000000eab00000, 0x00000000f2600000, 0x0000000100000000)
  eden space 67584K, 0% used [0x00000000eab00000,0x00000000eab00000,0x00000000eed00000)
  from space 26624K, 34% used [0x00000000f0c00000,0x00000000f14f38a0,0x00000000f2600000)
  to   space 29184K, 0% used [0x00000000eed00000,0x00000000eed00000,0x00000000f0980000)
 ParOldGen       total 64000K, used 60612K [0x00000000c0000000, 0x00000000c3e80000, 0x00000000eab00000)
  object space 64000K, 94% used [0x00000000c0000000,0x00000000c3b312f8,0x00000000c3e80000)
 Metaspace       used 5679K, capacity 6832K, committed 7040K, reserved 1056768K
  class space    used 579K, capacity 616K, committed 640K, reserved 1048576K
Event: 19.504 GC heap after
Heap after GC invocations=28 (full 6):
 PSYoungGen      total 94208K, used 4936K [0x00000000eab00000, 0x00000000f2600000, 0x0000000100000000)
  eden space 67584K, 0% used [0x00000000eab00000,0x00000000eab00000,0x00000000eed00000)
  from space 26624K, 18% used [0x00000000f0c00000,0x00000000f10d2140,0x00000000f2600000)
  to   space 29184K, 0% used [0x00000000eed00000,0x00000000eed00000,0x00000000f0980000)
 ParOldGen       total 64000K, used 63731K [0x00000000c0000000, 0x00000000c3e80000, 0x00000000eab00000)
  object space 64000K, 99% used [0x00000000c0000000,0x00000000c3e3cc98,0x00000000c3e80000)
 Metaspace       used 5679K, capacity 6832K, committed 7040K, reserved 1056768K
  class space    used 579K, capacity 616K, committed 640K, reserved 1048576K
}
Event: 19.761 GC heap before
{Heap before GC invocations=29 (full 7):
 PSYoungGen      total 94208K, used 72520K [0x00000000eab00000, 0x00000000f2600000, 0x0000000100000000)
  eden space 67584K, 100% used [0x00000000eab00000,0x00000000eed00000,0x00000000eed00000)
  from space 26624K, 18% used [0x00000000f0c00000,0x00000000f10d2140,0x00000000f2600000)
  to   space 29184K, 0% used [0x00000000eed00000,0x00000000eed00000,0x00000000f0980000)
 ParOldGen       total 64000K, used 63731K [0x00000000c0000000, 0x00000000c3e80000, 0x00000000eab00000)
  object space 64000K, 99% used [0x00000000c0000000,0x00000000c3e3cc98,0x00000000c3e80000)
 Metaspace       used 5681K, capacity 6832K, committed 7040K, reserved 1056768K
  class space    used 579K, capacity 616K, committed 640K, reserved 1048576K
Event: 20.355 GC heap after
Heap after GC invocations=29 (full 7):
 PSYoungGen      total 94208K, used 3939K [0x00000000eab00000, 0x00000000f2600000, 0x0000000100000000)
  eden space 67584K, 5% used [0x00000000eab00000,0x00000000eaed8d40,0x00000000eed00000)
  from space 26624K, 0% used [0x00000000f0c00000,0x00000000f0c00000,0x00000000f2600000)
  to   space 29184K, 0% used [0x00000000eed00000,0x00000000eed00000,0x00000000f0980000)
 ParOldGen       total 64000K, used 63924K [0x00000000c0000000, 0x00000000c3e80000, 0x00000000eab00000)
  object space 64000K, 99% used [0x00000000c0000000,0x00000000c3e6d220,0x00000000c3e80000)
 Metaspace       used 5681K, capacity 6832K, committed 7040K, reserved 1056768K
  class space    used 579K, capacity 616K, committed 640K, reserved 1048576K
}
Event: 20.747 GC heap before
{Heap before GC invocations=30 (full 8):
 PSYoungGen      total 94208K, used 67584K [0x00000000eab00000, 0x00000000f2600000, 0x0000000100000000)
  eden space 67584K, 100% used [0x00000000eab00000,0x00000000eed00000,0x00000000eed00000)
  from space 26624K, 0% used [0x00000000f0c00000,0x00000000f0c00000,0x00000000f2600000)
  to   space 29184K, 0% used [0x00000000eed00000,0x00000000eed00000,0x00000000f0980000)
 ParOldGen       total 64000K, used 63924K [0x00000000c0000000, 0x00000000c3e80000, 0x00000000eab00000)
  object space 64000K, 99% used [0x00000000c0000000,0x00000000c3e6d220,0x00000000c3e80000)
 Metaspace       used 5684K, capacity 6832K, committed 7040K, reserved 1056768K
  class space    used 579K, capacity 616K, committed 640K, reserved 1048576K
Event: 21.170 GC heap after
Heap after GC invocations=30 (full 8):
 PSYoungGen      total 94208K, used 0K [0x00000000eab00000, 0x00000000f2600000, 0x0000000100000000)
  eden space 67584K, 0% used [0x00000000eab00000,0x00000000eab00000,0x00000000eed00000)
  from space 26624K, 0% used [0x00000000f0c00000,0x00000000f0c00000,0x00000000f2600000)
  to   space 29184K, 0% used [0x00000000eed00000,0x00000000eed00000,0x00000000f0980000)
 ParOldGen       total 68608K, used 37711K [0x00000000c0000000, 0x00000000c4300000, 0x00000000eab00000)
  object space 68608K, 54% used [0x00000000c0000000,0x00000000c24d3d60,0x00000000c4300000)
 Metaspace       used 5684K, capacity 6832K, committed 7040K, reserved 1056768K
  class space    used 579K, capacity 616K, committed 640K, reserved 1048576K
}

