# JRE version: Java(TM) SE Runtime Environment (8.0-b132) (build 1.8.0-b132)
# Java VM: Java HotSpot(TM) 64-Bit Server VM (25.0-b70 mixed mode windows-amd64 compressed oops)
Heap:
 PSYoungGen      total 44032K, used 38614K [0x00000000eab00000, 0x00000000edb80000, 0x0000000100000000)
  eden space 38912K, 86% used [0x00000000eab00000,0x00000000ecbbc278,0x00000000ed100000)
  from space 5120K, 99% used [0x00000000ed100000,0x00000000ed5f98c8,0x00000000ed600000)
  to   space 4608K, 0% used [0x00000000ed600000,0x00000000ed600000,0x00000000eda80000)
 ParOldGen       total 64000K, used 24078K [0x00000000c0000000, 0x00000000c3e80000, 0x00000000eab00000)
  object space 64000K, 37% used [0x00000000c0000000,0x00000000c1783978,0x00000000c3e80000)
 Metaspace       used 5954K, capacity 6962K, committed 7040K, reserved 1056768K
  class space    used 605K, capacity 618K, committed 640K, reserved 1048576K
GC Heap History (10 events):
Event: 3.269 GC heap before
{Heap before GC invocations=15 (full 0):
 PSYoungGen      total 19968K, used 19440K [0x00000000eab00000, 0x00000000ec100000, 0x0000000100000000)
  eden space 17408K, 100% used [0x00000000eab00000,0x00000000ebc00000,0x00000000ebc00000)
  from space 2560K, 79% used [0x00000000ebe80000,0x00000000ec07c0e8,0x00000000ec100000)
  to   space 2560K, 0% used [0x00000000ebc00000,0x00000000ebc00000,0x00000000ebe80000)
 ParOldGen       total 64000K, used 9093K [0x00000000c0000000, 0x00000000c3e80000, 0x00000000eab00000)
  object space 64000K, 14% used [0x00000000c0000000,0x00000000c08e1768,0x00000000c3e80000)
 Metaspace       used 5766K, capacity 6896K, committed 7040K, reserved 1056768K
  class space    used 585K, capacity 616K, committed 640K, reserved 1048576K
Event: 3.288 GC heap after
Heap after GC invocations=15 (full 0):
 PSYoungGen      total 19968K, used 2407K [0x00000000eab00000, 0x00000000ecc80000, 0x0000000100000000)
  eden space 17408K, 0% used [0x00000000eab00000,0x00000000eab00000,0x00000000ebc00000)
  from space 2560K, 94% used [0x00000000ebc00000,0x00000000ebe59dd0,0x00000000ebe80000)
  to   space 3072K, 0% used [0x00000000ec980000,0x00000000ec980000,0x00000000ecc80000)
 ParOldGen       total 64000K, used 10794K [0x00000000c0000000, 0x00000000c3e80000, 0x00000000eab00000)
  object space 64000K, 16% used [0x00000000c0000000,0x00000000c0a8a980,0x00000000c3e80000)
 Metaspace       used 5766K, capacity 6896K, committed 7040K, reserved 1056768K
  class space    used 585K, capacity 616K, committed 640K, reserved 1048576K
}
Event: 3.377 GC heap before
{Heap before GC invocations=16 (full 0):
 PSYoungGen      total 19968K, used 19815K [0x00000000eab00000, 0x00000000ecc80000, 0x0000000100000000)
  eden space 17408K, 100% used [0x00000000eab00000,0x00000000ebc00000,0x00000000ebc00000)
  from space 2560K, 94% used [0x00000000ebc00000,0x00000000ebe59dd0,0x00000000ebe80000)
  to   space 3072K, 0% used [0x00000000ec980000,0x00000000ec980000,0x00000000ecc80000)
 ParOldGen       total 64000K, used 10794K [0x00000000c0000000, 0x00000000c3e80000, 0x00000000eab00000)
  object space 64000K, 16% used [0x00000000c0000000,0x00000000c0a8a980,0x00000000c3e80000)
 Metaspace       used 5786K, capacity 6960K, committed 7040K, reserved 1056768K
  class space    used 585K, capacity 616K, committed 640K, reserved 1048576K
Event: 3.445 GC heap after
Heap after GC invocations=16 (full 0):
 PSYoungGen      total 31232K, used 2128K [0x00000000eab00000, 0x00000000ecc80000, 0x0000000100000000)
  eden space 28160K, 0% used [0x00000000eab00000,0x00000000eab00000,0x00000000ec680000)
  from space 3072K, 69% used [0x00000000ec980000,0x00000000ecb94010,0x00000000ecc80000)
  to   space 3072K, 0% used [0x00000000ec680000,0x00000000ec680000,0x00000000ec980000)
 ParOldGen       total 64000K, used 13030K [0x00000000c0000000, 0x00000000c3e80000, 0x00000000eab00000)
  object space 64000K, 20% used [0x00000000c0000000,0x00000000c0cb9b58,0x00000000c3e80000)
 Metaspace       used 5786K, capacity 6960K, committed 7040K, reserved 1056768K
  class space    used 585K, capacity 616K, committed 640K, reserved 1048576K
}
Event: 4.067 GC heap before
{Heap before GC invocations=17 (full 0):
 PSYoungGen      total 31232K, used 30288K [0x00000000eab00000, 0x00000000ecc80000, 0x0000000100000000)
  eden space 28160K, 100% used [0x00000000eab00000,0x00000000ec680000,0x00000000ec680000)
  from space 3072K, 69% used [0x00000000ec980000,0x00000000ecb94010,0x00000000ecc80000)
  to   space 3072K, 0% used [0x00000000ec680000,0x00000000ec680000,0x00000000ec980000)
 ParOldGen       total 64000K, used 13030K [0x00000000c0000000, 0x00000000c3e80000, 0x00000000eab00000)
  object space 64000K, 20% used [0x00000000c0000000,0x00000000c0cb9b58,0x00000000c3e80000)
 Metaspace       used 5894K, capacity 6962K, committed 7040K, reserved 1056768K
  class space    used 604K, capacity 618K, committed 640K, reserved 1048576K
Event: 4.095 GC heap after
Heap after GC invocations=17 (full 0):
 PSYoungGen      total 31232K, used 3065K [0x00000000eab00000, 0x00000000eda80000, 0x0000000100000000)
  eden space 28160K, 0% used [0x00000000eab00000,0x00000000eab00000,0x00000000ec680000)
  from space 3072K, 99% used [0x00000000ec680000,0x00000000ec97e518,0x00000000ec980000)
  to   space 4608K, 0% used [0x00000000ed600000,0x00000000ed600000,0x00000000eda80000)
 ParOldGen       total 64000K, used 15932K [0x00000000c0000000, 0x00000000c3e80000, 0x00000000eab00000)
  object space 64000K, 24% used [0x00000000c0000000,0x00000000c0f8f0a0,0x00000000c3e80000)
 Metaspace       used 5894K, capacity 6962K, committed 7040K, reserved 1056768K
  class space    used 604K, capacity 618K, committed 640K, reserved 1048576K
}
Event: 6.188 GC heap before
{Heap before GC invocations=18 (full 0):
 PSYoungGen      total 31232K, used 31225K [0x00000000eab00000, 0x00000000eda80000, 0x0000000100000000)
  eden space 28160K, 100% used [0x00000000eab00000,0x00000000ec680000,0x00000000ec680000)
  from space 3072K, 99% used [0x00000000ec680000,0x00000000ec97e518,0x00000000ec980000)
  to   space 4608K, 0% used [0x00000000ed600000,0x00000000ed600000,0x00000000eda80000)
 ParOldGen       total 64000K, used 15932K [0x00000000c0000000, 0x00000000c3e80000, 0x00000000eab00000)
  object space 64000K, 24% used [0x00000000c0000000,0x00000000c0f8f0a0,0x00000000c3e80000)
 Metaspace       used 5927K, capacity 6962K, committed 7040K, reserved 1056768K
  class space    used 604K, capacity 618K, committed 640K, reserved 1048576K
Event: 6.211 GC heap after
Heap after GC invocations=18 (full 0):
 PSYoungGen      total 43520K, used 4160K [0x00000000eab00000, 0x00000000edb80000, 0x0000000100000000)
  eden space 38912K, 0% used [0x00000000eab00000,0x00000000eab00000,0x00000000ed100000)
  from space 4608K, 90% used [0x00000000ed600000,0x00000000eda10000,0x00000000eda80000)
  to   space 5120K, 0% used [0x00000000ed100000,0x00000000ed100000,0x00000000ed600000)
 ParOldGen       total 64000K, used 18990K [0x00000000c0000000, 0x00000000c3e80000, 0x00000000eab00000)
  object space 64000K, 29% used [0x00000000c0000000,0x00000000c128b870,0x00000000c3e80000)
 Metaspace       used 5927K, capacity 6962K, committed 7040K, reserved 1056768K
  class space    used 604K, capacity 618K, committed 640K, reserved 1048576K
}
Event: 7.826 GC heap before
{Heap before GC invocations=19 (full 0):
 PSYoungGen      total 43520K, used 43072K [0x00000000eab00000, 0x00000000edb80000, 0x0000000100000000)
  eden space 38912K, 100% used [0x00000000eab00000,0x00000000ed100000,0x00000000ed100000)
  from space 4608K, 90% used [0x00000000ed600000,0x00000000eda10000,0x00000000eda80000)
  to   space 5120K, 0% used [0x00000000ed100000,0x00000000ed100000,0x00000000ed600000)
 ParOldGen       total 64000K, used 18990K [0x00000000c0000000, 0x00000000c3e80000, 0x00000000eab00000)
  object space 64000K, 29% used [0x00000000c0000000,0x00000000c128b870,0x00000000c3e80000)
 Metaspace       used 5937K, capacity 6962K, committed 7040K, reserved 1056768K
  class space    used 604K, capacity 618K, committed 640K, reserved 1048576K
Event: 7.924 GC heap after
Heap after GC invocations=19 (full 0):
 PSYoungGen      total 44032K, used 5094K [0x00000000eab00000, 0x00000000edb80000, 0x0000000100000000)
  eden space 38912K, 0% used [0x00000000eab00000,0x00000000eab00000,0x00000000ed100000)
  from space 5120K, 99% used [0x00000000ed100000,0x00000000ed5f98c8,0x00000000ed600000)
  to   space 4608K, 0% used [0x00000000ed600000,0x00000000ed600000,0x00000000eda80000)
 ParOldGen       total 64000K, used 24078K [0x00000000c0000000, 0x00000000c3e80000, 0x00000000eab00000)
  object space 64000K, 37% used [0x00000000c0000000,0x00000000c1783978,0x00000000c3e80000)
 Metaspace       used 5937K, capacity 6962K, committed 7040K, reserved 1056768K
  class space    used 604K, capacity 618K, committed 640K, reserved 1048576K
}

